Using pre-set license
Built from '2022.3/staging' branch; Version is '2022.3.36f1 (95a4219250e5) revision 9806881'; Using compiler version '192829333'; Build Type 'Release'
OS: 'Windows 11  (10.0.22631) 64bit Core' Language: 'ko' Physical Memory: 28524 MB
BatchMode: 1, IsHumanControllingUs: 0, StartBugReporterOnCrash: 0, Is64bit: 1, IsPro: 1

COMMAND LINE ARGUMENTS:
C:\Program Files\Unity\Hub\Editor\2022.3.36f1\Editor\Unity.exe
-adb2
-batchMode
-noUpm
-name
AssetImportWorker2
-projectPath
C:/Users/denis/Documents/CienTutorialProject2024/CienTutorialProject2024
-logFile
Logs/AssetImportWorker2.log
-srvPort
64703
Successfully changed project path to: C:/Users/denis/Documents/CienTutorialProject2024/CienTutorialProject2024
C:/Users/denis/Documents/CienTutorialProject2024/CienTutorialProject2024
[UnityMemory] Configuration Parameters - Can be set up in boot.config
    "memorysetup-bucket-allocator-granularity=16"
    "memorysetup-bucket-allocator-bucket-count=8"
    "memorysetup-bucket-allocator-block-size=33554432"
    "memorysetup-bucket-allocator-block-count=8"
    "memorysetup-main-allocator-block-size=16777216"
    "memorysetup-thread-allocator-block-size=16777216"
    "memorysetup-gfx-main-allocator-block-size=16777216"
    "memorysetup-gfx-thread-allocator-block-size=16777216"
    "memorysetup-cache-allocator-block-size=4194304"
    "memorysetup-typetree-allocator-block-size=2097152"
    "memorysetup-profiler-bucket-allocator-granularity=16"
    "memorysetup-profiler-bucket-allocator-bucket-count=8"
    "memorysetup-profiler-bucket-allocator-block-size=33554432"
    "memorysetup-profiler-bucket-allocator-block-count=8"
    "memorysetup-profiler-allocator-block-size=16777216"
    "memorysetup-profiler-editor-allocator-block-size=1048576"
    "memorysetup-temp-allocator-size-main=16777216"
    "memorysetup-job-temp-allocator-block-size=2097152"
    "memorysetup-job-temp-allocator-block-size-background=1048576"
    "memorysetup-job-temp-allocator-reduction-small-platforms=262144"
    "memorysetup-allocator-temp-initial-block-size-main=262144"
    "memorysetup-allocator-temp-initial-block-size-worker=262144"
    "memorysetup-temp-allocator-size-background-worker=32768"
    "memorysetup-temp-allocator-size-job-worker=262144"
    "memorysetup-temp-allocator-size-preload-manager=33554432"
    "memorysetup-temp-allocator-size-nav-mesh-worker=65536"
    "memorysetup-temp-allocator-size-audio-worker=65536"
    "memorysetup-temp-allocator-size-cloud-worker=32768"
    "memorysetup-temp-allocator-size-gi-baking-worker=262144"
    "memorysetup-temp-allocator-size-gfx=262144"
Player connection [15116] Host "[IP] 192.168.56.1 [Port] 0 [Flags] 2 [Guid] 2281207618 [EditorId] 2281207618 [Version] 1048832 [Id] WindowsEditor(7,denise) [Debug] 1 [PackageName] WindowsEditor [ProjectName] Editor" joined multi-casting on [225.0.0.222:54997]...

Player connection [15116] Host "[IP] 192.168.56.1 [Port] 0 [Flags] 2 [Guid] 2281207618 [EditorId] 2281207618 [Version] 1048832 [Id] WindowsEditor(7,denise) [Debug] 1 [PackageName] WindowsEditor [ProjectName] Editor" joined alternative multi-casting on [225.0.0.222:34997]...

[PhysX] Initialized MultithreadedTaskDispatcher with 16 workers.
Refreshing native plugins compatible for Editor in 13.64 ms, found 3 plugins.
Preloading 0 native plugins for Editor in 0.00 ms.
Initialize engine version: 2022.3.36f1 (95a4219250e5)
[Subsystems] Discovering subsystems at path C:/Program Files/Unity/Hub/Editor/2022.3.36f1/Editor/Data/Resources/UnitySubsystems
[Subsystems] Discovering subsystems at path C:/Users/denis/Documents/CienTutorialProject2024/CienTutorialProject2024/Assets
GfxDevice: creating device client; threaded=0; jobified=0
Direct3D:
    Version:  Direct3D 11.0 [level 11.1]
    Renderer: NVIDIA GeForce RTX 3060 Laptop GPU (ID=0x2520)
    Vendor:   NVIDIA
    VRAM:     6012 MB
    Driver:   31.0.15.3197
Initialize mono
Mono path[0] = 'C:/Program Files/Unity/Hub/Editor/2022.3.36f1/Editor/Data/Managed'
Mono path[1] = 'C:/Program Files/Unity/Hub/Editor/2022.3.36f1/Editor/Data/MonoBleedingEdge/lib/mono/unityjit-win32'
Mono config path = 'C:/Program Files/Unity/Hub/Editor/2022.3.36f1/Editor/Data/MonoBleedingEdge/etc'
Using monoOptions --debugger-agent=transport=dt_socket,embedding=1,server=y,suspend=n,address=127.0.0.1:56092
Begin MonoManager ReloadAssembly
Registering precompiled unity dll's ...
Register platform support module: C:/Program Files/Unity/Hub/Editor/2022.3.36f1/Editor/Data/PlaybackEngines/WindowsStandaloneSupport/UnityEditor.WindowsStandalone.Extensions.dll
Registered in 0.015175 seconds.
- Loaded All Assemblies, in  0.495 seconds
Native extension for WindowsStandalone target not found
Mono: successfully reloaded assembly
- Finished resetting the current domain, in  0.352 seconds
Domain Reload Profiling: 843ms
	BeginReloadAssembly (171ms)
		ExecutionOrderSort (0ms)
		DisableScriptedObjects (0ms)
		BackupInstance (0ms)
		ReleaseScriptingObjects (0ms)
		CreateAndSetChildDomain (1ms)
	RebuildCommonClasses (48ms)
	RebuildNativeTypeToScriptingClass (12ms)
	initialDomainReloadingComplete (88ms)
	LoadAllAssembliesAndSetupDomain (172ms)
		LoadAssemblies (168ms)
		RebuildTransferFunctionScriptingTraits (0ms)
		AnalyzeDomain (169ms)
			TypeCache.Refresh (166ms)
				TypeCache.ScanAssembly (153ms)
			ScanForSourceGeneratedMonoScriptInfo (1ms)
			ResolveRequiredComponents (1ms)
	FinalizeReload (353ms)
		ReleaseScriptCaches (0ms)
		RebuildScriptCaches (0ms)
		SetupLoadedEditorAssemblies (279ms)
			LogAssemblyErrors (0ms)
			InitializePlatformSupportModulesInManaged (13ms)
			SetLoadedEditorAssemblies (8ms)
			RefreshPlugins (0ms)
			BeforeProcessingInitializeOnLoad (3ms)
			ProcessInitializeOnLoadAttributes (194ms)
			ProcessInitializeOnLoadMethodAttributes (61ms)
			AfterProcessingInitializeOnLoad (0ms)
			EditorAssembliesLoaded (0ms)
		ExecutionOrderSort2 (0ms)
		AwakeInstancesAfterBackupRestoration (0ms)
========================================================================
Worker process is ready to serve import requests
Begin MonoManager ReloadAssembly
- Loaded All Assemblies, in  0.871 seconds
Refreshing native plugins compatible for Editor in 6.84 ms, found 3 plugins.
Native extension for WindowsStandalone target not found
Package Manager log level set to [2]
[Package Manager] Server::EnsureServerProcessIsRunning -- launch failed, reason: Unity was launched with the -noUpm command-line argument
[Package Manager] UpmClient::Send -- Unable to send message (not connected to UPM process).
[Package Manager] Cannot connect to Unity Package Manager local server
Mono: successfully reloaded assembly
- Finished resetting the current domain, in  0.638 seconds
Domain Reload Profiling: 1504ms
	BeginReloadAssembly (199ms)
		ExecutionOrderSort (0ms)
		DisableScriptedObjects (5ms)
		BackupInstance (0ms)
		ReleaseScriptingObjects (0ms)
		CreateAndSetChildDomain (28ms)
	RebuildCommonClasses (47ms)
	RebuildNativeTypeToScriptingClass (10ms)
	initialDomainReloadingComplete (50ms)
	LoadAllAssembliesAndSetupDomain (559ms)
		LoadAssemblies (509ms)
		RebuildTransferFunctionScriptingTraits (0ms)
		AnalyzeDomain (182ms)
			TypeCache.Refresh (162ms)
				TypeCache.ScanAssembly (141ms)
			ScanForSourceGeneratedMonoScriptInfo (14ms)
			ResolveRequiredComponents (4ms)
	FinalizeReload (639ms)
		ReleaseScriptCaches (0ms)
		RebuildScriptCaches (0ms)
		SetupLoadedEditorAssemblies (474ms)
			LogAssemblyErrors (0ms)
			InitializePlatformSupportModulesInManaged (9ms)
			SetLoadedEditorAssemblies (4ms)
			RefreshPlugins (0ms)
			BeforeProcessingInitializeOnLoad (75ms)
			ProcessInitializeOnLoadAttributes (343ms)
			ProcessInitializeOnLoadMethodAttributes (27ms)
			AfterProcessingInitializeOnLoad (15ms)
			EditorAssembliesLoaded (0ms)
		ExecutionOrderSort2 (0ms)
		AwakeInstancesAfterBackupRestoration (9ms)
Launched and connected shader compiler UnityShaderCompiler.exe after 0.07 seconds
Refreshing native plugins compatible for Editor in 6.44 ms, found 3 plugins.
Preloading 0 native plugins for Editor in 0.00 ms.
Unloading 3109 Unused Serialized files (Serialized files now loaded: 0)
Unloading 34 unused Assets / (58.0 KB). Loaded Objects now: 3571.
Memory consumption went from 120.4 MB to 120.3 MB.
Total: 3.013400 ms (FindLiveObjects: 0.210400 ms CreateObjectMapping: 0.081700 ms MarkObjects: 2.588300 ms  DeleteObjects: 0.131500 ms)

AssetImportParameters requested are different than current active one (requested -> active):
  custom:container-demuxer-ogg: 62fdf1f143b41e24485cea50d1cbac27 -> 
  custom:video-codec-MediaFoundation-h265: 746d11721c4dcdbdad8f713fa42b33f4 -> 
  custom:video-decoder-ogg-theora: a1e56fd34408186e4bbccfd4996cb3dc -> 
  custom:framework-win-MediaFoundation: 216162199b28c13a410421893ffa2e32 -> 
  custom:CustomObjectIndexerAttribute: 9a22284fe3817be447336de3de66b15e -> 
  custom:container-demuxer-webm: 4f35f7cbe854078d1ac9338744f61a02 -> 
  custom:container-muxer-webm: aa71ff27fc2769a1b78a27578f13a17b -> 
  custom:video-decoder-webm-vp8: 9c59270c3fd7afecdb556c50c9e8de78 -> 
  custom:SearchIndexIgnoredProperties: e643bd26f0fe6173181afceb89e7c659 -> 
  custom:AudioImporter_EditorPlatform: d09bf68614088b80899f8185d706f6e7 -> 
  custom:video-encoder-webm-vp8: eb34c28f22e8b96e1ab97ce403110664 -> 
  custom:audio-decoder-ogg-vorbis: bf7c407c2cedff20999df2af8eb42d56 -> 
  custom:audio-encoder-webm-vorbis: bf7c407c2cedff20999df2af8eb42d56 -> 
========================================================================
Received Import Request.
  Time since last request: 886452.790682 seconds.
  path: Assets/Idle Crouching Aiming(Rifle).fbx
  artifactKey: Guid(e5ec0f46f3941a6438ef1eeb2aab1fbf) Importer(815301076,1909f56bfc062723c751e8b465ee728b)
Start importing Assets/Idle Crouching Aiming(Rifle).fbx using Guid(e5ec0f46f3941a6438ef1eeb2aab1fbf) Importer(815301076,1909f56bfc062723c751e8b465ee728b) [PhysX] Initialized MultithreadedTaskDispatcher with 16 workers.
 -> (artifact id: '800b5967c5ee422608250998bbcb250b') in 0.045347 seconds
Number of updated asset objects reloaded before import = 0
Number of asset objects unloaded after import = 217
========================================================================
Received Import Request.
  Time since last request: 0.000039 seconds.
  path: Assets/Pistol Kneeling Idle.fbx
  artifactKey: Guid(7f00516599f32c44fb1a3ec317fb2439) Importer(815301076,1909f56bfc062723c751e8b465ee728b)
Start importing Assets/Pistol Kneeling Idle.fbx using Guid(7f00516599f32c44fb1a3ec317fb2439) Importer(815301076,1909f56bfc062723c751e8b465ee728b) [PhysX] Initialized MultithreadedTaskDispatcher with 16 workers.
 -> (artifact id: 'ec2d3ddaf1130a0685b99ddab50ca19a') in 0.005748 seconds
Number of updated asset objects reloaded before import = 0
Number of asset objects unloaded after import = 217
========================================================================
Received Import Request.
  Time since last request: 0.000024 seconds.
  path: Assets/Walk Crouching Right(Rifle).fbx
  artifactKey: Guid(ce0129b9b86e7244cb5efb1bd044757c) Importer(815301076,1909f56bfc062723c751e8b465ee728b)
Start importing Assets/Walk Crouching Right(Rifle).fbx using Guid(ce0129b9b86e7244cb5efb1bd044757c) Importer(815301076,1909f56bfc062723c751e8b465ee728b) [PhysX] Initialized MultithreadedTaskDispatcher with 16 workers.
 -> (artifact id: '17748b150b89fd209b6b794165c42d2d') in 0.005662 seconds
Number of updated asset objects reloaded before import = 0
Number of asset objects unloaded after import = 217
========================================================================
Received Import Request.
  Time since last request: 0.000024 seconds.
  path: Assets/Pistol Stand To Kneel.fbx
  artifactKey: Guid(7340a3c8994ce444c9dec4affc3a2337) Importer(815301076,1909f56bfc062723c751e8b465ee728b)
Start importing Assets/Pistol Stand To Kneel.fbx using Guid(7340a3c8994ce444c9dec4affc3a2337) Importer(815301076,1909f56bfc062723c751e8b465ee728b) [PhysX] Initialized MultithreadedTaskDispatcher with 16 workers.
 -> (artifact id: 'db7e0278cc19b431cb7bccb5a2351ab6') in 0.006253 seconds
Number of updated asset objects reloaded before import = 0
Number of asset objects unloaded after import = 217
========================================================================
Received Import Request.
  Time since last request: 0.000021 seconds.
  path: Assets/Pistol Jump.fbx
  artifactKey: Guid(deb7e4d185eafa74fac9e5742c20f7f4) Importer(815301076,1909f56bfc062723c751e8b465ee728b)
Start importing Assets/Pistol Jump.fbx using Guid(deb7e4d185eafa74fac9e5742c20f7f4) Importer(815301076,1909f56bfc062723c751e8b465ee728b) [PhysX] Initialized MultithreadedTaskDispatcher with 16 workers.
 -> (artifact id: 'bfb0f1f57ff9cc3fc5f656aecf9d0e6d') in 0.005707 seconds
Number of updated asset objects reloaded before import = 0
Number of asset objects unloaded after import = 217
========================================================================
Received Import Request.
  Time since last request: 0.000018 seconds.
  path: Assets/Walk Crouching Left(Rifle).fbx
  artifactKey: Guid(4b6720fdf7077b94589e6818a9d4f138) Importer(815301076,1909f56bfc062723c751e8b465ee728b)
Start importing Assets/Walk Crouching Left(Rifle).fbx using Guid(4b6720fdf7077b94589e6818a9d4f138) Importer(815301076,1909f56bfc062723c751e8b465ee728b) [PhysX] Initialized MultithreadedTaskDispatcher with 16 workers.
 -> (artifact id: '365902c6edc0c874e8b72c9c24b56d78') in 0.005355 seconds
Number of updated asset objects reloaded before import = 0
Number of asset objects unloaded after import = 217
========================================================================
Received Import Request.
  Time since last request: 0.000021 seconds.
  path: Assets/Crouch To Standing With Rifle.fbx
  artifactKey: Guid(bc860319051eb194bba44f7bc6a5eef2) Importer(815301076,1909f56bfc062723c751e8b465ee728b)
Start importing Assets/Crouch To Standing With Rifle.fbx using Guid(bc860319051eb194bba44f7bc6a5eef2) Importer(815301076,1909f56bfc062723c751e8b465ee728b) [PhysX] Initialized MultithreadedTaskDispatcher with 16 workers.
 -> (artifact id: '37fc283af29bac3c5a5492b21cad2c09') in 0.006494 seconds
Number of updated asset objects reloaded before import = 0
Number of asset objects unloaded after import = 217
========================================================================
Received Import Request.
  Time since last request: 0.000023 seconds.
  path: Assets/Idle Aiming(Rifle).fbx
  artifactKey: Guid(b366069d532766747adefe7ba0371259) Importer(815301076,1909f56bfc062723c751e8b465ee728b)
Start importing Assets/Idle Aiming(Rifle).fbx using Guid(b366069d532766747adefe7ba0371259) Importer(815301076,1909f56bfc062723c751e8b465ee728b) [PhysX] Initialized MultithreadedTaskDispatcher with 16 workers.
 -> (artifact id: '3d65a4ce6cf73d7c162c2f4a85a7067c') in 0.006632 seconds
Number of updated asset objects reloaded before import = 0
Number of asset objects unloaded after import = 217
========================================================================
Received Import Request.
  Time since last request: 0.000019 seconds.
  path: Assets/Pistol Run Backward.fbx
  artifactKey: Guid(41caf13e2d8b4314f83f12f17b7bd00d) Importer(815301076,1909f56bfc062723c751e8b465ee728b)
Start importing Assets/Pistol Run Backward.fbx using Guid(41caf13e2d8b4314f83f12f17b7bd00d) Importer(815301076,1909f56bfc062723c751e8b465ee728b) [PhysX] Initialized MultithreadedTaskDispatcher with 16 workers.
 -> (artifact id: 'dfdf0a6697f1d4e42a65310817e1cc40') in 0.006292 seconds
Number of updated asset objects reloaded before import = 0
Number of asset objects unloaded after import = 217
========================================================================
Received Import Request.
  Time since last request: 0.000020 seconds.
  path: Assets/Pistol Idle.fbx
  artifactKey: Guid(8856b9f1b5acbae409e9ac20260a4c67) Importer(815301076,1909f56bfc062723c751e8b465ee728b)
Start importing Assets/Pistol Idle.fbx using Guid(8856b9f1b5acbae409e9ac20260a4c67) Importer(815301076,1909f56bfc062723c751e8b465ee728b) [PhysX] Initialized MultithreadedTaskDispatcher with 16 workers.
 -> (artifact id: 'cc49004353a1a79ed879b8c652a4bcb8') in 0.006102 seconds
Number of updated asset objects reloaded before import = 0
Number of asset objects unloaded after import = 217
========================================================================
Received Import Request.
  Time since last request: 0.000021 seconds.
  path: Assets/Reload (Rifle).fbx
  artifactKey: Guid(2c34d0f6524c46a4e9cd71f61dbc0b15) Importer(815301076,1909f56bfc062723c751e8b465ee728b)
Start importing Assets/Reload (Rifle).fbx using Guid(2c34d0f6524c46a4e9cd71f61dbc0b15) Importer(815301076,1909f56bfc062723c751e8b465ee728b) [PhysX] Initialized MultithreadedTaskDispatcher with 16 workers.
 -> (artifact id: 'f44272df791c78e5ed97c896b860a036') in 0.038209 seconds
Number of updated asset objects reloaded before import = 0
Number of asset objects unloaded after import = 217
========================================================================
Received Import Request.
  Time since last request: 0.000028 seconds.
  path: Assets/Pistol Kneel To Stand.fbx
  artifactKey: Guid(545fda0e005eda7438b1e57ab43fc195) Importer(815301076,1909f56bfc062723c751e8b465ee728b)
Start importing Assets/Pistol Kneel To Stand.fbx using Guid(545fda0e005eda7438b1e57ab43fc195) Importer(815301076,1909f56bfc062723c751e8b465ee728b) [PhysX] Initialized MultithreadedTaskDispatcher with 16 workers.
 -> (artifact id: 'c7764a27a5831201b74fa887e22df53d') in 0.009956 seconds
Number of updated asset objects reloaded before import = 0
Number of asset objects unloaded after import = 217
========================================================================
Received Import Request.
  Time since last request: 0.000024 seconds.
  path: Assets/Pistol Strafe.fbx
  artifactKey: Guid(d8683490cf1a10c47bb5b5cbef9a943e) Importer(815301076,1909f56bfc062723c751e8b465ee728b)
Start importing Assets/Pistol Strafe.fbx using Guid(d8683490cf1a10c47bb5b5cbef9a943e) Importer(815301076,1909f56bfc062723c751e8b465ee728b) [PhysX] Initialized MultithreadedTaskDispatcher with 16 workers.
 -> (artifact id: '1ae5a15d2b516aa3345a6b32ce3b54eb') in 0.007969 seconds
Number of updated asset objects reloaded before import = 0
Number of asset objects unloaded after import = 217
========================================================================
Received Import Request.
  Time since last request: 13.994139 seconds.
  path: Assets/Idle Aiming(Rifle).fbx
  artifactKey: Guid(b366069d532766747adefe7ba0371259) Importer(815301076,1909f56bfc062723c751e8b465ee728b)
Start importing Assets/Idle Aiming(Rifle).fbx using Guid(b366069d532766747adefe7ba0371259) Importer(815301076,1909f56bfc062723c751e8b465ee728b) [PhysX] Initialized MultithreadedTaskDispatcher with 16 workers.
 -> (artifact id: 'da423623bb5c6c296195cbcce3fa4d75') in 0.004498 seconds
Number of updated asset objects reloaded before import = 0
Number of asset objects unloaded after import = 219
========================================================================
Received Import Request.
  Time since last request: 0.000018 seconds.
  path: Assets/Pistol Run Backward.fbx
  artifactKey: Guid(41caf13e2d8b4314f83f12f17b7bd00d) Importer(815301076,1909f56bfc062723c751e8b465ee728b)
Start importing Assets/Pistol Run Backward.fbx using Guid(41caf13e2d8b4314f83f12f17b7bd00d) Importer(815301076,1909f56bfc062723c751e8b465ee728b) [PhysX] Initialized MultithreadedTaskDispatcher with 16 workers.
 -> (artifact id: '893e87a36b54ebfeb8f8af796fe76b94') in 0.004234 seconds
Number of updated asset objects reloaded before import = 0
Number of asset objects unloaded after import = 219
========================================================================
Received Import Request.
  Time since last request: 0.000017 seconds.
  path: Assets/Run Forward(Rifle).fbx
  artifactKey: Guid(a76da2c0d3f4eb540a27b130bae80b24) Importer(815301076,1909f56bfc062723c751e8b465ee728b)
Start importing Assets/Run Forward(Rifle).fbx using Guid(a76da2c0d3f4eb540a27b130bae80b24) Importer(815301076,1909f56bfc062723c751e8b465ee728b) [PhysX] Initialized MultithreadedTaskDispatcher with 16 workers.
 -> (artifact id: '7b2ef60d69f328f15e96c53ece68a812') in 0.004435 seconds
Number of updated asset objects reloaded before import = 0
Number of asset objects unloaded after import = 219
========================================================================
Received Import Request.
  Time since last request: 0.000015 seconds.
  path: Assets/Walk Crouching Forward(Rifle).fbx
  artifactKey: Guid(bfa1993729dcd664ab245e93ad6cbf54) Importer(815301076,1909f56bfc062723c751e8b465ee728b)
Start importing Assets/Walk Crouching Forward(Rifle).fbx using Guid(bfa1993729dcd664ab245e93ad6cbf54) Importer(815301076,1909f56bfc062723c751e8b465ee728b) [PhysX] Initialized MultithreadedTaskDispatcher with 16 workers.
 -> (artifact id: 'fe8dcd0fd53e14fef02609466d49fbbc') in 0.004838 seconds
Number of updated asset objects reloaded before import = 0
Number of asset objects unloaded after import = 219
Editor requested this worker to shutdown with reason: Scaling down because of idle timeout
TcpMessagingSession - receive error: operation aborted. errorcode: 995, details: 스레드 종료 또는 응용 프로그램 요청 때문에 I/O 작업이 취소되었습니다.
AssetImportWorker is now disconnected from the server
Process exiting
Exiting without the bug reporter. Application will terminate with return code 0